[22Dec2024 00:01:13.191] [Server thread/INFO] [net.minecraft.server.MinecraftServer/]: [Steelinvisible: Set own game mode to Survival Mode]
[22Dec2024 00:01:37.745] [Server thread/INFO] [net.minecraft.server.MinecraftServer/]: [Steelinvisible: Applied effect Regeneration to Steelinvisible]
[22Dec2024 00:04:02.910] [Server thread/INFO] [net.minecraft.server.MinecraftServer/]: [Steelinvisible: Set own game mode to Creative Mode]
[22Dec2024 00:04:28.548] [Server thread/INFO] [net.minecraft.server.MinecraftServer/]: [Steelinvisible: Set own game mode to Survival Mode]
[22Dec2024 00:04:43.978] [Server thread/INFO] [net.minecraft.server.MinecraftServer/]: [Steelinvisible: Set own game mode to Creative Mode]
[22Dec2024 00:16:59.118] [Server thread/INFO] [net.minecraft.server.MinecraftServer/]: [Reflexont: Set own game mode to Spectator Mode]
[22Dec2024 00:17:11.591] [Server thread/INFO] [net.minecraft.server.MinecraftServer/]: [Reflexont: Set own game mode to Creative Mode]
[22Dec2024 00:17:35.923] [Server thread/INFO] [net.minecraft.server.MinecraftServer/]: [Reflexont: Set own game mode to Spectator Mode]
[22Dec2024 00:18:44.297] [Server thread/INFO] [net.minecraft.server.MinecraftServer/]: [Reflexont: Teleported Reflexont to Steelinvisible]
[22Dec2024 00:18:47.313] [Server thread/INFO] [net.minecraft.server.MinecraftServer/]: [Reflexont: Set own game mode to Creative Mode]
[22Dec2024 00:26:59.791] [Server thread/INFO] [net.minecraft.server.network.ServerGamePacketListenerImpl/]: Reflexont lost connection: Disconnected
[22Dec2024 00:26:59.791] [Server thread/INFO] [net.minecraft.server.MinecraftServer/]: Reflexont left the game
[22Dec2024 00:29:26.791] [Server thread/INFO] [net.minecraft.server.MinecraftServer/]: Currently clearing the pokemon saved in the outbreaks. Any outbreaks in the world will spawn new pokemon or finish!
[22Dec2024 00:38:53.369] [Server thread/INFO] [net.minecraft.server.MinecraftServer/]: [Steelinvisible: Set own game mode to Survival Mode]
[22Dec2024 00:38:53.791] [Server thread/INFO] [net.minecraft.server.MinecraftServer/]: [Steelinvisible: Set own game mode to Creative Mode]
[22Dec2024 00:38:55.012] [Server thread/INFO] [net.minecraft.server.MinecraftServer/]: [Steelinvisible: Set own game mode to Spectator Mode]
[22Dec2024 00:39:01.890] [Server thread/INFO] [net.minecraft.server.MinecraftServer/]: [Steelinvisible: Set own game mode to Creative Mode]
[22Dec2024 00:39:10.198] [Server thread/INFO] [net.minecraft.server.MinecraftServer/]: [Steelinvisible: Set own game mode to Spectator Mode]
[22Dec2024 00:39:12.040] [Server thread/INFO] [net.minecraft.server.MinecraftServer/]: [Steelinvisible: Set own game mode to Creative Mode]
[22Dec2024 00:39:45.824] [Server thread/INFO] [net.minecraft.server.MinecraftServer/]: [Steelinvisible: Set own game mode to Spectator Mode]
[22Dec2024 00:40:03.739] [Server thread/INFO] [net.minecraft.server.MinecraftServer/]: [Steelinvisible: Set own game mode to Creative Mode]
[22Dec2024 00:50:17.589] [Server thread/INFO] [net.minecraft.server.network.ServerGamePacketListenerImpl/]: Steelinvisible lost connection: Disconnected
[22Dec2024 00:50:17.590] [Server thread/INFO] [net.minecraft.server.MinecraftServer/]: Steelinvisible left the game
[22Dec2024 00:50:24.939] [Server thread/INFO] [net.minecraft.server.MinecraftServer/]: Stopping the server
[22Dec2024 00:50:24.984] [Server thread/INFO] [com.selfdot.libs.io.JsonFile/]: Saved config/trainers/groups/gym1/Waterfall.json
[22Dec2024 00:50:24.984] [Server thread/INFO] [com.selfdot.libs.io.JsonFile/]: Saved config/trainers/groups/gym1/Dummy1.json
[22Dec2024 00:50:24.985] [Server thread/INFO] [com.selfdot.libs.io.JsonFile/]: Saved config/trainers/groups/gym1/Chara.json
[22Dec2024 00:50:24.985] [Server thread/INFO] [com.selfdot.libs.io.JsonFile/]: Saved config/trainers/groups/gym1/Boss3.json
[22Dec2024 00:50:24.986] [Server thread/INFO] [com.selfdot.libs.io.JsonFile/]: Saved config/trainers/groups/gym1/Monstro11.json
[22Dec2024 00:50:24.986] [Server thread/INFO] [com.selfdot.libs.io.JsonFile/]: Saved config/trainers/groups/gym1/Boss4.json
[22Dec2024 00:50:24.987] [Server thread/INFO] [com.selfdot.libs.io.JsonFile/]: Saved config/trainers/groups/gym1/Boss1.json
[22Dec2024 00:50:24.987] [Server thread/INFO] [com.selfdot.libs.io.JsonFile/]: Saved config/trainers/groups/gym1/Boss2.json
[22Dec2024 00:50:24.988] [Server thread/INFO] [com.selfdot.libs.io.JsonFile/]: Saved config/trainers/groups/gym1/Monstro10.json
[22Dec2024 00:50:24.988] [Server thread/INFO] [com.selfdot.libs.io.JsonFile/]: Saved config/trainers/groups/gym1/WaterfallGaster.json
[22Dec2024 00:50:24.989] [Server thread/INFO] [com.selfdot.libs.io.JsonFile/]: Saved config/trainers/groups/gym1/waterfall4.json
[22Dec2024 00:50:24.989] [Server thread/INFO] [com.selfdot.libs.io.JsonFile/]: Saved config/trainers/groups/gym1/waterfall5.json
[22Dec2024 00:50:24.990] [Server thread/INFO] [com.selfdot.libs.io.JsonFile/]: Saved config/trainers/groups/gym1/Entrenador.json
[22Dec2024 00:50:24.990] [Server thread/INFO] [com.selfdot.libs.io.JsonFile/]: Saved config/trainers/groups/gym1/Monstro9.json
[22Dec2024 00:50:24.990] [Server thread/INFO] [com.selfdot.libs.io.JsonFile/]: Saved config/trainers/groups/gym1/Monstro6.json
[22Dec2024 00:50:24.991] [Server thread/INFO] [com.selfdot.libs.io.JsonFile/]: Saved config/trainers/groups/gym1/Monstro7.json
[22Dec2024 00:50:24.991] [Server thread/INFO] [com.selfdot.libs.io.JsonFile/]: Saved config/trainers/groups/gym1/waterfall3.json
[22Dec2024 00:50:24.992] [Server thread/INFO] [com.selfdot.libs.io.JsonFile/]: Saved config/trainers/groups/gym1/Monstro4.json
[22Dec2024 00:50:24.992] [Server thread/INFO] [com.selfdot.libs.io.JsonFile/]: Saved config/trainers/groups/gym1/watefall2.json
[22Dec2024 00:50:24.992] [Server thread/INFO] [com.selfdot.libs.io.JsonFile/]: Saved config/trainers/groups/gym1/Monstro5.json
[22Dec2024 00:50:24.993] [Server thread/INFO] [com.selfdot.libs.io.JsonFile/]: Saved config/trainers/groups/gym1/Monstro2.json
[22Dec2024 00:50:24.993] [Server thread/INFO] [com.selfdot.libs.io.JsonFile/]: Saved config/trainers/groups/gym1/Monstro3.json
[22Dec2024 00:50:24.993] [Server thread/INFO] [com.selfdot.libs.io.JsonFile/]: Saved config/trainers/groups/gym1/Monstro1.json
[22Dec2024 00:50:24.994] [Server thread/INFO] [com.selfdot.libs.io.JsonFile/]: Saved config/trainers/groups/gym1/grillbys.json
[22Dec2024 00:50:24.994] [Server thread/INFO] [com.selfdot.libs.io.JsonFile/]: Saved config/trainers/groups/gym1/Hotlands5.json
[22Dec2024 00:50:24.994] [Server thread/INFO] [com.selfdot.libs.io.JsonFile/]: Saved config/trainers/groups/gym1/Hotlands6.json
[22Dec2024 00:50:24.995] [Server thread/INFO] [com.selfdot.libs.io.JsonFile/]: Saved config/trainers/groups/gym1/Hotlands3.json
[22Dec2024 00:50:24.995] [Server thread/INFO] [com.selfdot.libs.io.JsonFile/]: Saved config/trainers/groups/gym1/Hotlands4.json
[22Dec2024 00:50:24.996] [Server thread/INFO] [com.selfdot.libs.io.JsonFile/]: Saved config/trainers/groups/gym1/FinalBoss.json
[22Dec2024 00:50:24.996] [Server thread/INFO] [com.selfdot.libs.io.JsonFile/]: Saved config/trainers/groups/gym1/Grovestreet.json
[22Dec2024 00:50:24.997] [Server thread/INFO] [com.selfdot.libs.io.JsonFile/]: Saved config/trainers/groups/gym1/Core1.json
[22Dec2024 00:50:24.997] [Server thread/INFO] [com.selfdot.libs.io.JsonFile/]: Saved config/trainers/groups/gym1/Core2.json
[22Dec2024 00:50:24.997] [Server thread/INFO] [com.selfdot.libs.io.JsonFile/]: Saved config/trainers/groups/gym1/WaterfallRoku.json
[22Dec2024 00:50:24.998] [Server thread/INFO] [com.selfdot.libs.io.JsonFile/]: Saved config/trainers/groups/gym1/BossWaterfall.json
[22Dec2024 00:50:24.998] [Server thread/INFO] [com.selfdot.libs.io.JsonFile/]: Saved config/trainers/groups/gym1/WaterfallClover.json
[22Dec2024 00:50:24.999] [Server thread/INFO] [com.selfdot.libs.io.JsonFile/]: Saved config/trainers/groups/gym1/Hotlands1.json
[22Dec2024 00:50:24.999] [Server thread/INFO] [com.selfdot.libs.io.JsonFile/]: Saved config/trainers/groups/gym1/Hotlands2.json
[22Dec2024 00:50:25.000] [Server thread/INFO] [com.selfdot.libs.io.JsonFile/]: Saved config/trainers/groups/gym1/NewHome1.json
[22Dec2024 00:50:25.001] [Server thread/INFO] [com.selfdot.libs.io.JsonFile/]: Saved trainers/trainerWins.json
[22Dec2024 00:50:25.002] [Server thread/INFO] [com.selfdot.libs.io.JsonFile/]: Saved trainers/timesLastBattled.json
[22Dec2024 00:50:25.002] [Server thread/INFO] [MapFrontiers/]: ServerStoppingEvent done
[22Dec2024 00:50:25.018] [Server thread/INFO] [net.minecraft.server.MinecraftServer/]: Stopping server
[22Dec2024 00:50:25.018] [Server thread/INFO] [net.minecraft.server.MinecraftServer/]: Saving players
[22Dec2024 00:50:25.019] [Server thread/INFO] [net.minecraft.server.MinecraftServer/]: Saving worlds
[22Dec2024 00:50:25.059] [Server thread/INFO] [net.minecraft.server.MinecraftServer/]: Saving chunks for level 'ServerLevel[intento de verdad]'/minecraft:overworld
[22Dec2024 00:50:25.133] [Server thread/INFO] [net.minecraft.server.MinecraftServer/]: Saving chunks for level 'ServerLevel[intento de verdad]'/minecraft:the_end
[22Dec2024 00:50:25.135] [Server thread/INFO] [net.minecraft.server.MinecraftServer/]: Saving chunks for level 'ServerLevel[intento de verdad]'/twilightforest:twilight_forest
[22Dec2024 00:50:25.136] [Server thread/INFO] [net.minecraft.server.MinecraftServer/]: Saving chunks for level 'ServerLevel[intento de verdad]'/lostcities:lostcity
[22Dec2024 00:50:25.136] [Server thread/INFO] [net.minecraft.server.MinecraftServer/]: Saving chunks for level 'ServerLevel[intento de verdad]'/minecraft:the_nether
[22Dec2024 00:50:25.166] [Server thread/INFO] [net.minecraft.server.MinecraftServer/]: ThreadedAnvilChunkStorage (world): All chunks are saved
[22Dec2024 00:50:25.167] [Server thread/INFO] [net.minecraft.server.MinecraftServer/]: ThreadedAnvilChunkStorage (DIM1): All chunks are saved
[22Dec2024 00:50:25.167] [Server thread/INFO] [net.minecraft.server.MinecraftServer/]: ThreadedAnvilChunkStorage (twilight_forest): All chunks are saved
[22Dec2024 00:50:25.167] [Server thread/INFO] [net.minecraft.server.MinecraftServer/]: ThreadedAnvilChunkStorage (lostcity): All chunks are saved
[22Dec2024 00:50:25.167] [Server thread/INFO] [net.minecraft.server.MinecraftServer/]: ThreadedAnvilChunkStorage (DIM-1): All chunks are saved
[22Dec2024 00:50:25.167] [Server thread/INFO] [net.minecraft.server.MinecraftServer/]: ThreadedAnvilChunkStorage: All dimensions are saved
[22Dec2024 00:50:25.180] [Server thread/INFO] [journeymap/]: Loading JourneyMap Forge Configs
